[    16.174] (--) Log file renamed from "/home/kevin/.local/share/xorg/Xorg.pid-1060.log" to "/home/kevin/.local/share/xorg/Xorg.0.log"
[    16.181] 
X.Org X Server 1.20.4
X Protocol Version 11, Revision 0
[    16.182] Build Operating System: Linux 4.4.0-148-generic x86_64 Ubuntu
[    16.182] Current Operating System: Linux kevin-virtual-machine 5.0.0-37-generic #40~18.04.1-Ubuntu SMP Thu Nov 14 12:06:39 UTC 2019 x86_64
[    16.182] Kernel command line: BOOT_IMAGE=/boot/vmlinuz-5.0.0-37-generic root=/dev/mapper/ubuntu--vg-root ro quiet splash
[    16.182] Build Date: 02 May 2019  08:06:54AM
[    16.182] xorg-server-hwe-18.04 2:1.20.4-1ubuntu3~18.04.1 (For technical support please see http://www.ubuntu.com/support) 
[    16.182] Current version of pixman: 0.34.0
[    16.182] 	Before reporting problems, check http://wiki.x.org
	to make sure that you have the latest version.
[    16.182] Markers: (--) probed, (**) from config file, (==) default setting,
	(++) from command line, (!!) notice, (II) informational,
	(WW) warning, (EE) error, (NI) not implemented, (??) unknown.
[    16.182] (==) Log file: "/home/kevin/.local/share/xorg/Xorg.0.log", Time: Fri Jan  3 07:31:28 2020
[    16.192] (==) Using system config directory "/usr/share/X11/xorg.conf.d"
[    16.196] (==) No Layout section.  Using the first Screen section.
[    16.196] (==) No screen section available. Using defaults.
[    16.196] (**) |-->Screen "Default Screen Section" (0)
[    16.196] (**) |   |-->Monitor "<default monitor>"
[    16.204] (==) No monitor specified for screen "Default Screen Section".
	Using a default monitor configuration.
[    16.204] (==) Automatically adding devices
[    16.205] (==) Automatically enabling devices
[    16.205] (==) Automatically adding GPU devices
[    16.206] (==) Automatically binding GPU devices
[    16.207] (==) Max clients allowed: 256, resource mask: 0x1fffff
[    16.213] (WW) The directory "/usr/share/fonts/X11/cyrillic" does not exist.
[    16.213] 	Entry deleted from font path.
[    16.213] (WW) The directory "/usr/share/fonts/X11/100dpi/" does not exist.
[    16.213] 	Entry deleted from font path.
[    16.213] (WW) The directory "/usr/share/fonts/X11/75dpi/" does not exist.
[    16.213] 	Entry deleted from font path.
[    16.214] (WW) The directory "/usr/share/fonts/X11/100dpi" does not exist.
[    16.214] 	Entry deleted from font path.
[    16.214] (WW) The directory "/usr/share/fonts/X11/75dpi" does not exist.
[    16.214] 	Entry deleted from font path.
[    16.214] (==) FontPath set to:
	/usr/share/fonts/X11/misc,
	/usr/share/fonts/X11/Type1,
	built-ins
[    16.214] (==) ModulePath set to "/usr/lib/xorg/modules"
[    16.214] (II) The server relies on udev to provide the list of input devices.
	If no devices become available, reconfigure udev or disable AutoAddDevices.
[    16.214] (II) Loader magic: 0x55d5b4ea3020
[    16.214] (II) Module ABI versions:
[    16.214] 	X.Org ANSI C Emulation: 0.4
[    16.214] 	X.Org Video Driver: 24.0
[    16.214] 	X.Org XInput driver : 24.1
[    16.214] 	X.Org Server Extension : 10.0
[    16.216] (++) using VT number 1

[    16.222] (II) systemd-logind: took control of session /org/freedesktop/login1/session/_31
[    16.224] (II) xfree86: Adding drm device (/dev/dri/card0)
[    16.228] (II) systemd-logind: got fd for /dev/dri/card0 226:0 fd 12 paused 0
[    16.253] (--) PCI:*(0@0:15:0) 15ad:0405:15ad:0405 rev 0, Mem @ 0xe8000000/134217728, 0xfe000000/8388608, I/O @ 0x00001070/16, BIOS @ 0x????????/131072
[    16.257] (II) LoadModule: "glx"
[    16.259] (II) Loading /usr/lib/xorg/modules/extensions/libglx.so
[    16.297] (II) Module glx: vendor="X.Org Foundation"
[    16.297] 	compiled for 1.20.4, module version = 1.0.0
[    16.297] 	ABI class: X.Org Server Extension, version 10.0
[    16.298] (==) Matched vmware as autoconfigured driver 0
[    16.298] (==) Matched modesetting as autoconfigured driver 1
[    16.298] (==) Matched fbdev as autoconfigured driver 2
[    16.298] (==) Matched vesa as autoconfigured driver 3
[    16.298] (==) Assigned the driver to the xf86ConfigLayout
[    16.298] (II) LoadModule: "vmware"
[    16.299] (II) Loading /usr/lib/xorg/modules/drivers/vmware_drv.so
[    16.804] (II) Module vmware: vendor="X.Org Foundation"
[    16.804] 	compiled for 1.20.1, module version = 13.3.0
[    16.804] 	Module class: X.Org Video Driver
[    16.804] 	ABI class: X.Org Video Driver, version 24.0
[    16.804] (II) LoadModule: "modesetting"
[    16.805] (II) Loading /usr/lib/xorg/modules/drivers/modesetting_drv.so
[    16.808] (II) Module modesetting: vendor="X.Org Foundation"
[    16.808] 	compiled for 1.20.4, module version = 1.20.4
[    16.808] 	Module class: X.Org Video Driver
[    16.808] 	ABI class: X.Org Video Driver, version 24.0
[    16.808] (II) LoadModule: "fbdev"
[    16.808] (II) Loading /usr/lib/xorg/modules/drivers/fbdev_drv.so
[    16.810] (II) Module fbdev: vendor="X.Org Foundation"
[    16.810] 	compiled for 1.20.1, module version = 0.5.0
[    16.810] 	Module class: X.Org Video Driver
[    16.810] 	ABI class: X.Org Video Driver, version 24.0
[    16.810] (II) LoadModule: "vesa"
[    16.811] (II) Loading /usr/lib/xorg/modules/drivers/vesa_drv.so
[    16.812] (II) Module vesa: vendor="X.Org Foundation"
[    16.812] 	compiled for 1.20.1, module version = 2.4.0
[    16.812] 	Module class: X.Org Video Driver
[    16.812] 	ABI class: X.Org Video Driver, version 24.0
[    16.812] (II) vmware: driver for VMware SVGA: vmware0405, vmware0710
[    16.813] (II) modesetting: Driver for Modesetting Kernel Drivers: kms
[    16.813] (II) FBDEV: driver for framebuffer: fbdev
[    16.814] (II) VESA: driver for VESA chipsets: vesa
[    16.814] xf86EnableIOPorts: failed to set IOPL for I/O (Operation not permitted)
[    16.814] (WW) Falling back to old probe method for modesetting
[    16.814] (WW) Falling back to old probe method for fbdev
[    16.814] (II) Loading sub module "fbdevhw"
[    16.814] (II) LoadModule: "fbdevhw"
[    16.815] (II) Loading /usr/lib/xorg/modules/libfbdevhw.so
[    16.816] (II) Module fbdevhw: vendor="X.Org Foundation"
[    16.816] 	compiled for 1.20.4, module version = 0.0.2
[    16.816] 	ABI class: X.Org Video Driver, version 24.0
[    16.816] (EE) open /dev/fb0: Permission denied
[    16.816] (WW) VGA arbiter: cannot open kernel arbiter, no multi-card support
[    16.816] (II) vmware(0): Creating default Display subsection in Screen section
	"Default Screen Section" for depth/fbbpp 24/32
[    16.816] (--) vmware(0): DRM driver version is 2.15.0
[    16.816] (==) vmware(0): Depth 24, (--) framebuffer bpp 32
[    16.816] (==) vmware(0): RGB weight 888
[    16.816] (==) vmware(0): Default visual is TrueColor
[    16.816] (--) vmware(0): Min width 1, Max Width 16384.
[    16.816] (--) vmware(0): Min height 1, Max Height 16384.
[    16.818] (II) vmware(0): Output Virtual1 has no monitor section
[    16.818] (II) vmware(0): Output Virtual2 has no monitor section
[    16.818] (II) vmware(0): Output Virtual3 has no monitor section
[    16.818] (II) vmware(0): Output Virtual4 has no monitor section
[    16.818] (II) vmware(0): Output Virtual5 has no monitor section
[    16.818] (II) vmware(0): Output Virtual6 has no monitor section
[    16.818] (II) vmware(0): Output Virtual7 has no monitor section
[    16.818] (II) vmware(0): Output Virtual8 has no monitor section
[    16.819] (II) vmware(0): Printing probed modes for output Virtual1
[    16.819] (II) vmware(0): Modeline "800x600"x60.0   42.75  800 850 900 950  600 650 700 750 -hsync +vsync (45.0 kHz eP)
[    16.819] (II) vmware(0): Modeline "2560x1600"x60.0  348.50  2560 2752 3032 3504  1600 1603 1609 1658 -hsync +vsync (99.5 kHz e)
[    16.819] (II) vmware(0): Modeline "1920x1440"x60.0  234.00  1920 2048 2256 2600  1440 1441 1444 1500 -hsync +vsync (90.0 kHz e)
[    16.819] (II) vmware(0): Modeline "1856x1392"x60.0  218.25  1856 1952 2176 2528  1392 1393 1396 1439 -hsync +vsync (86.3 kHz e)
[    16.819] (II) vmware(0): Modeline "1792x1344"x60.0  204.75  1792 1920 2120 2448  1344 1345 1348 1394 -hsync +vsync (83.6 kHz e)
[    16.819] (II) vmware(0): Modeline "1920x1200"x59.9  193.25  1920 2056 2256 2592  1200 1203 1209 1245 -hsync +vsync (74.6 kHz e)
[    16.819] (II) vmware(0): Modeline "1600x1200"x60.0  162.00  1600 1664 1856 2160  1200 1201 1204 1250 +hsync +vsync (75.0 kHz e)
[    16.819] (II) vmware(0): Modeline "1680x1050"x60.0  146.25  1680 1784 1960 2240  1050 1053 1059 1089 -hsync +vsync (65.3 kHz e)
[    16.819] (II) vmware(0): Modeline "1400x1050"x60.0  121.75  1400 1488 1632 1864  1050 1053 1057 1089 -hsync +vsync (65.3 kHz e)
[    16.819] (II) vmware(0): Modeline "1280x1024"x60.0  108.00  1280 1328 1440 1688  1024 1025 1028 1066 +hsync +vsync (64.0 kHz e)
[    16.819] (II) vmware(0): Modeline "1440x900"x59.9  106.50  1440 1520 1672 1904  900 903 909 934 -hsync +vsync (55.9 kHz e)
[    16.819] (II) vmware(0): Modeline "1280x960"x60.0  108.00  1280 1376 1488 1800  960 961 964 1000 +hsync +vsync (60.0 kHz e)
[    16.819] (II) vmware(0): Modeline "1360x768"x60.0   85.50  1360 1424 1536 1792  768 771 777 795 +hsync +vsync (47.7 kHz e)
[    16.819] (II) vmware(0): Modeline "1280x800"x59.8   83.50  1280 1352 1480 1680  800 803 809 831 +hsync -vsync (49.7 kHz e)
[    16.819] (II) vmware(0): Modeline "1152x864"x75.0  108.00  1152 1216 1344 1600  864 865 868 900 +hsync +vsync (67.5 kHz e)
[    16.819] (II) vmware(0): Modeline "1280x768"x59.9   79.50  1280 1344 1472 1664  768 771 778 798 -hsync +vsync (47.8 kHz e)
[    16.819] (II) vmware(0): Modeline "1024x768"x60.0   65.00  1024 1048 1184 1344  768 771 777 806 -hsync -vsync (48.4 kHz e)
[    16.819] (II) vmware(0): Modeline "800x600"x60.3   40.00  800 840 968 1056  600 601 605 628 +hsync +vsync (37.9 kHz e)
[    16.819] (II) vmware(0): Modeline "640x480"x59.9   25.18  640 656 752 800  480 489 492 525 -hsync -vsync (31.5 kHz e)
[    16.819] (II) vmware(0): EDID for output Virtual2
[    16.819] (II) vmware(0): EDID for output Virtual3
[    16.819] (II) vmware(0): EDID for output Virtual4
[    16.819] (II) vmware(0): EDID for output Virtual5
[    16.819] (II) vmware(0): EDID for output Virtual6
[    16.819] (II) vmware(0): EDID for output Virtual7
[    16.819] (II) vmware(0): EDID for output Virtual8
[    16.819] (II) vmware(0): Output Virtual1 connected
[    16.819] (II) vmware(0): Output Virtual2 disconnected
[    16.819] (II) vmware(0): Output Virtual3 disconnected
[    16.819] (II) vmware(0): Output Virtual4 disconnected
[    16.819] (II) vmware(0): Output Virtual5 disconnected
[    16.819] (II) vmware(0): Output Virtual6 disconnected
[    16.819] (II) vmware(0): Output Virtual7 disconnected
[    16.819] (II) vmware(0): Output Virtual8 disconnected
[    16.819] (II) vmware(0): Using exact sizes for initial modes
[    16.819] (II) vmware(0): Output Virtual1 using initial mode 800x600 +0+0
[    16.819] (==) vmware(0): DPI set to (96, 96)
[    16.819] (==) vmware(0): Using gamma correction (1.0, 1.0, 1.0)
[    16.819] (II) Loading sub module "fb"
[    16.819] (II) LoadModule: "fb"
[    16.820] (II) Loading /usr/lib/xorg/modules/libfb.so
[    16.835] (II) Module fb: vendor="X.Org Foundation"
[    16.835] 	compiled for 1.20.4, module version = 1.0.0
[    16.835] 	ABI class: X.Org ANSI C Emulation, version 0.4
[    16.835] (II) Loading sub module "dri2"
[    16.835] (II) LoadModule: "dri2"
[    16.835] (II) Module "dri2" already built-in
[    16.835] (II) Loading sub module "dri3"
[    16.835] (II) LoadModule: "dri3"
[    16.835] (II) Module "dri3" already built-in
[    16.835] (II) UnloadModule: "modesetting"
[    16.835] (II) Unloading modesetting
[    16.836] (II) UnloadModule: "fbdev"
[    16.836] (II) Unloading fbdev
[    16.836] (II) UnloadSubModule: "fbdevhw"
[    16.836] (II) Unloading fbdevhw
[    16.836] (II) UnloadModule: "vesa"
[    16.836] (II) Unloading vesa
[    16.841] (II) vmware(0): Initialized VMWARE_CTRL extension version 0.2
[    16.942] (II) vmware(0): Gallium3D XA version: 2.5.0.
[    16.943] (II) vmware(0): Path of drm device is "/dev/dri/card0".
[    16.943] (II) vmware(0): [DRI2] Setup complete
[    16.943] (II) vmware(0): [DRI2]   DRI driver: vmwgfx
[    17.106] (--) vmware(0): Render acceleration is enabled.
[    17.107] (==) vmware(0): Rendercheck mode is disabled.
[    17.107] (--) vmware(0): Direct rendering (DRI2 3D) is enabled.
[    17.107] (--) vmware(0): Direct rendering (DRI3 3D) is enabled.
[    17.107] (==) vmware(0): Direct presents are disabled.
[    17.107] (==) vmware(0): Hardware only presents are automatic per scanout.
[    17.108] (==) vmware(0): Backing store enabled
[    17.108] (==) vmware(0): Silken mouse enabled
[    17.113] (==) vmware(0): DPMS enabled
[    17.114] (II) Initializing extension Generic Event Extension
[    17.114] (II) Initializing extension SHAPE
[    17.115] (II) Initializing extension MIT-SHM
[    17.115] (II) Initializing extension XInputExtension
[    17.117] (II) Initializing extension XTEST
[    17.121] (II) Initializing extension BIG-REQUESTS
[    17.121] (II) Initializing extension SYNC
[    17.122] (II) Initializing extension XKEYBOARD
[    17.123] (II) Initializing extension XC-MISC
[    17.124] (II) Initializing extension SECURITY
[    17.124] (II) Initializing extension XFIXES
[    17.125] (II) Initializing extension RENDER
[    17.126] (II) Initializing extension RANDR
[    17.129] (II) Initializing extension COMPOSITE
[    17.129] (II) Initializing extension DAMAGE
[    17.130] (II) Initializing extension MIT-SCREEN-SAVER
[    17.131] (II) Initializing extension DOUBLE-BUFFER
[    17.131] (II) Initializing extension RECORD
[    17.137] (II) Initializing extension DPMS
[    17.138] (II) Initializing extension Present
[    17.139] (II) Initializing extension DRI3
[    17.139] (II) Initializing extension X-Resource
[    17.140] (II) Initializing extension XVideo
[    17.140] (II) Initializing extension XVideo-MotionCompensation
[    17.140] (II) Initializing extension SELinux
[    17.141] (II) SELinux: Disabled on system
[    17.142] (II) Initializing extension GLX
[    17.240] (II) AIGLX: Loaded and initialized vmwgfx
[    17.240] (II) GLX: Initialized DRI2 GL provider for screen 0
[    17.240] (II) Initializing extension XFree86-VidModeExtension
[    17.240] (II) Initializing extension XFree86-DGA
[    17.240] (II) Initializing extension XFree86-DRI
[    17.240] (II) Initializing extension DRI2
[    17.252] (II) vmware(0): Setting screen physical size to 211 x 158
[    17.510] (II) config/udev: Adding input device Power Button (/dev/input/event0)
[    17.511] (**) Power Button: Applying InputClass "libinput keyboard catchall"
[    17.511] (II) LoadModule: "libinput"
[    17.513] (II) Loading /usr/lib/xorg/modules/input/libinput_drv.so
[    17.529] (II) Module libinput: vendor="X.Org Foundation"
[    17.529] 	compiled for 1.20.1, module version = 0.28.1
[    17.530] 	Module class: X.Org XInput Driver
[    17.530] 	ABI class: X.Org XInput driver, version 24.1
[    17.530] (II) Using input driver 'libinput' for 'Power Button'
[    17.532] (II) systemd-logind: got fd for /dev/input/event0 13:64 fd 24 paused 0
[    17.532] (**) Power Button: always reports core events
[    17.532] (**) Option "Device" "/dev/input/event0"
[    17.533] (**) Option "_source" "server/udev"
[    17.535] (II) event0  - Power Button: is tagged by udev as: Keyboard
[    17.536] (II) event0  - Power Button: device is a keyboard
[    17.536] (II) event0  - Power Button: device removed
[    17.536] (**) Option "config_info" "udev:/sys/devices/LNXSYSTM:00/LNXPWRBN:00/input/input0/event0"
[    17.537] (II) XINPUT: Adding extended input device "Power Button" (type: KEYBOARD, id 6)
[    17.537] (**) Option "xkb_model" "pc105"
[    17.537] (**) Option "xkb_layout" "us"
[    17.541] (II) event0  - Power Button: is tagged by udev as: Keyboard
[    17.541] (II) event0  - Power Button: device is a keyboard
[    17.543] (II) config/udev: Adding input device VMware VMware Virtual USB Mouse (/dev/input/event4)
[    17.543] (**) VMware VMware Virtual USB Mouse: Applying InputClass "libinput pointer catchall"
[    17.543] (II) Using input driver 'libinput' for 'VMware VMware Virtual USB Mouse'
[    17.602] (II) systemd-logind: got fd for /dev/input/event4 13:68 fd 27 paused 0
[    17.602] (**) VMware VMware Virtual USB Mouse: always reports core events
[    17.602] (**) Option "Device" "/dev/input/event4"
[    17.602] (**) Option "_source" "server/udev"
[    17.603] (II) event4  - VMware VMware Virtual USB Mouse: is tagged by udev as: Mouse
[    17.603] (II) event4  - VMware VMware Virtual USB Mouse: device is a pointer
[    17.604] (II) event4  - VMware VMware Virtual USB Mouse: device removed
[    17.604] (**) Option "config_info" "udev:/sys/devices/pci0000:00/0000:00:11.0/0000:02:00.0/usb2/2-1/2-1:1.0/0003:0E0F:0003.0001/input/input5/event4"
[    17.604] (II) XINPUT: Adding extended input device "VMware VMware Virtual USB Mouse" (type: MOUSE, id 7)
[    17.604] (**) Option "AccelerationScheme" "none"
[    17.604] (**) VMware VMware Virtual USB Mouse: (accel) selected scheme none/0
[    17.604] (**) VMware VMware Virtual USB Mouse: (accel) acceleration factor: 2.000
[    17.604] (**) VMware VMware Virtual USB Mouse: (accel) acceleration threshold: 4
[    17.610] (II) event4  - VMware VMware Virtual USB Mouse: is tagged by udev as: Mouse
[    17.611] (II) event4  - VMware VMware Virtual USB Mouse: device is a pointer
[    17.613] (II) config/udev: Adding input device VMware VMware Virtual USB Mouse (/dev/input/mouse2)
[    17.613] (II) No input driver specified, ignoring this device.
[    17.613] (II) This device may have been added with another device file.
[    17.614] (II) config/udev: Adding input device AT Translated Set 2 keyboard (/dev/input/event1)
[    17.614] (**) AT Translated Set 2 keyboard: Applying InputClass "libinput keyboard catchall"
[    17.614] (II) Using input driver 'libinput' for 'AT Translated Set 2 keyboard'
[    17.619] (II) systemd-logind: got fd for /dev/input/event1 13:65 fd 28 paused 0
[    17.619] (**) AT Translated Set 2 keyboard: always reports core events
[    17.620] (**) Option "Device" "/dev/input/event1"
[    17.620] (**) Option "_source" "server/udev"
[    17.624] (II) event1  - AT Translated Set 2 keyboard: is tagged by udev as: Keyboard
[    17.624] (II) event1  - AT Translated Set 2 keyboard: device is a keyboard
[    17.625] (II) event1  - AT Translated Set 2 keyboard: device removed
[    17.625] (**) Option "config_info" "udev:/sys/devices/platform/i8042/serio0/input/input1/event1"
[    17.625] (II) XINPUT: Adding extended input device "AT Translated Set 2 keyboard" (type: KEYBOARD, id 8)
[    17.625] (**) Option "xkb_model" "pc105"
[    17.625] (**) Option "xkb_layout" "us"
[    17.629] (II) event1  - AT Translated Set 2 keyboard: is tagged by udev as: Keyboard
[    17.629] (II) event1  - AT Translated Set 2 keyboard: device is a keyboard
[    17.631] (II) config/udev: Adding input device VirtualPS/2 VMware VMMouse (/dev/input/event3)
[    17.631] (**) VirtualPS/2 VMware VMMouse: Applying InputClass "libinput pointer catchall"
[    17.631] (II) Using input driver 'libinput' for 'VirtualPS/2 VMware VMMouse'
[    17.635] (II) systemd-logind: got fd for /dev/input/event3 13:67 fd 29 paused 0
[    17.635] (**) VirtualPS/2 VMware VMMouse: always reports core events
[    17.636] (**) Option "Device" "/dev/input/event3"
[    17.636] (**) Option "_source" "server/udev"
[    17.641] (II) event3  - VirtualPS/2 VMware VMMouse: is tagged by udev as: Mouse
[    17.641] (II) event3  - VirtualPS/2 VMware VMMouse: device is a pointer
[    17.642] (II) event3  - VirtualPS/2 VMware VMMouse: device removed
[    17.642] (**) Option "config_info" "udev:/sys/devices/platform/i8042/serio1/input/input3/event3"
[    17.643] (II) XINPUT: Adding extended input device "VirtualPS/2 VMware VMMouse" (type: MOUSE, id 9)
[    17.644] (**) Option "AccelerationScheme" "none"
[    17.645] (**) VirtualPS/2 VMware VMMouse: (accel) selected scheme none/0
[    17.645] (**) VirtualPS/2 VMware VMMouse: (accel) acceleration factor: 2.000
[    17.646] (**) VirtualPS/2 VMware VMMouse: (accel) acceleration threshold: 4
[    17.647] (II) event3  - VirtualPS/2 VMware VMMouse: is tagged by udev as: Mouse
[    17.647] (II) event3  - VirtualPS/2 VMware VMMouse: device is a pointer
[    17.647] (II) config/udev: Adding input device VirtualPS/2 VMware VMMouse (/dev/input/mouse1)
[    17.649] (II) No input driver specified, ignoring this device.
[    17.649] (II) This device may have been added with another device file.
[    17.649] (II) config/udev: Adding input device VirtualPS/2 VMware VMMouse (/dev/input/event2)
[    17.650] (**) VirtualPS/2 VMware VMMouse: Applying InputClass "libinput pointer catchall"
[    17.650] (II) Using input driver 'libinput' for 'VirtualPS/2 VMware VMMouse'
[    17.653] (II) systemd-logind: got fd for /dev/input/event2 13:66 fd 30 paused 0
[    17.653] (**) VirtualPS/2 VMware VMMouse: always reports core events
[    17.654] (**) Option "Device" "/dev/input/event2"
[    17.654] (**) Option "_source" "server/udev"
[    17.662] (II) event2  - VirtualPS/2 VMware VMMouse: is tagged by udev as: Mouse
[    17.662] (II) event2  - VirtualPS/2 VMware VMMouse: device is a pointer
[    17.663] (II) event2  - VirtualPS/2 VMware VMMouse: device removed
[    17.665] (**) Option "config_info" "udev:/sys/devices/platform/i8042/serio1/input/input4/event2"
[    17.665] (II) XINPUT: Adding extended input device "VirtualPS/2 VMware VMMouse" (type: MOUSE, id 10)
[    17.666] (**) Option "AccelerationScheme" "none"
[    17.666] (**) VirtualPS/2 VMware VMMouse: (accel) selected scheme none/0
[    17.666] (**) VirtualPS/2 VMware VMMouse: (accel) acceleration factor: 2.000
[    17.666] (**) VirtualPS/2 VMware VMMouse: (accel) acceleration threshold: 4
[    17.667] (II) event2  - VirtualPS/2 VMware VMMouse: is tagged by udev as: Mouse
[    17.667] (II) event2  - VirtualPS/2 VMware VMMouse: device is a pointer
[    17.667] (II) config/udev: Adding input device VirtualPS/2 VMware VMMouse (/dev/input/mouse0)
[    17.668] (II) No input driver specified, ignoring this device.
[    17.668] (II) This device may have been added with another device file.
[  1663.064] (EE) client bug: timer event2 debounce: offset negative (-31ms)
[ 13990.832] (EE) client bug: timer event2 debounce: offset negative (-88ms)
[ 13990.962] (EE) client bug: timer event2 debounce: offset negative (-151ms)
[ 13990.962] (EE) client bug: timer event2 debounce short: offset negative (-165ms)
[ 14085.625] (EE) client bug: timer event2 debounce short: offset negative (-0ms)
[ 14136.061] (EE) client bug: timer event2 debounce: offset negative (-1ms)
